RT1#show ipv6 route
IPv6 Routing Table - default - 9 entries
Codes: C - Connected, L - Local, S - Static, U - Per-user Static route
       B - BGP, HA - Home Agent, MR - Mobile Router, R - RIP
       H - NHRP, I1 - ISIS L1, I2 - ISIS L2, IA - ISIS interarea
       IS - ISIS summary, D - EIGRP, EX - EIGRP external, NM - NEMO
       ND - ND Default, NDp - ND Prefix, DCE - Destination, NDr - Redirect
       RL - RPL, O - OSPF Intra, OI - OSPF Inter, OE1 - OSPF ext 1
       OE2 - OSPF ext 2, ON1 - OSPF NSSA ext 1, ON2 - OSPF NSSA ext 2
       la - LISP alt, lr - LISP site-registrations, ld - LISP dyn-eid
       lA - LISP away, a - Application
D   ::/0 [5/2816]
     via Null0, directly connected
C   2001:DBB:0:12::/64 [0/0]
     via GigabitEthernet0/1, directly connected
L   2001:DBB:0:12::1/128 [0/0]
     via GigabitEthernet0/1, receive
D   2001:DBB:1::/48 [5/2816]
     via Null0, directly connected
LC  2001:DBB:1::1/128 [0/0]
     via Loopback0, receive
C   2001:DBB:1:1::/64 [0/0]
     via GigabitEthernet0/2, directly connected
L   2001:DBB:1:1::1/128 [0/0]
     via GigabitEthernet0/2, receive
D   2001:DBB:2::/48 [90/2848]
     via FE80::2, GigabitEthernet0/1
L   FF00::/8 [0/0]
     via Null0, receive